1 7.5e-05
2 0.00053
3 0.00022
4 0.000145
5 0.000505
6 0.000295
7 0.00168
8 0.00035
9 0.00036
10 0.000375
11 0.000355
12 0.00042
13 0.000325
14 0.00031
15 0.00034
16 0.000685
17 0.00076
18 2.77812099
19 2.63380122
20 2.97132087
21 2.38113666
22 2.27332187
23 2.17407203
24 0.00476999
25 0.00074
26 0.00138
27 0.00111
28 0.00056
29 0.00047
30 0.00039
31 1.61702776
32 1.6412977
33 1.58869267
34 1.59120286
35 1.46895289
36 1.41962802
37 1.93467736
38 1.31598318
39 1.28226316
40 1.25018322
41 1.21975827
42 1.19065332
43 1.16294837
44 1.13677835
45 1.11127841
46 1.0871135
47 0.00029
48 1.04188347
49 1.02060354
50 1.00015366
51 0.98063862
52 0.96184367
53 0.94354868
54 0.92624372
55 0.90923375
56 0.89325374
57 0.87739879
58 0.86228877
59 0.84761882
60 0.83356386
61 0.81990886
62 0.80666381
63 0.79381883
64 0.78137386
65 0.76941389
66 0.75772893
67 0.74657893
68 0.73579901
69 0.72483397
70 0.71452397
71 0.70439398
72 0.69474399
73 0.68510908
74 0.67584407
75 0.66683906
76 0.65829909
77 0.6495291
78 0.64119411
79 0.63305914
80 0.62643409
81 0.61738914
82 0.60993415
83 0.60257411
84 0.5955742
85 0.58846915
86 0.58153421
87 0.57484418
88 0.5685392
89 0.56201923
90 0.55570424
91 0.54958922
92 0.54371423
93 0.53777921
94 0.53206927
95 0.52646428
96 0.52115929
97 0.51556432
98 0.51034427
99 0.50524431
100 0.50024432
101 0.49523929
102 0.4903743
103 0.4856143
104 0.48109931
105 0.47637433
106 0.47184435
107 0.46739435
108 0.46320435
109 0.45887437
110 0.45471936
111 0.45060435
112 0.44666436
113 0.44265938
114 0.43871939
115 0.43491438
116 0.43116939
117 0.42748442
118 0.42383441
119 0.42025942
120 0.41711941
121 0.41336441
122 0.41000444
123 0.40662944
124 0.40345442
125 0.40012443
126 0.39695942
127 0.39385945
128 0.39083445
