1 7e-05
2 0.000155
3 0.00023
4 0.00038
5 0.000665
6 0.00045
7 0.00029
8 0.00044
9 0.000495
10 0.00057
11 0.00048
12 0.000495
13 0.000495
14 0.00052
15 0.00053
16 0.00076
17 0.001195
18 2.77811098
19 2.63639641
20 2.96375585
21 2.38111162
22 2.27323675
23 2.17437696
24 0.001
25 0.00077
26 0.000825
27 0.000615
28 0.000635
29 0.000805
30 0.00063
31 1.65055263
32 1.63907766
33 1.51994288
34 1.47837293
35 1.78549254
36 1.48647285
37 1.9619323
38 1.31596315
39 1.28225327
40 1.25023317
41 1.21976328
42 1.19071841
43 1.16304839
44 1.1366334
45 1.1113584
46 1.08720338
47 0.00044
48 1.04174852
49 1.02065349
50 1.00021362
51 0.98060864
52 0.96172869
53 0.94361371
54 0.92611873
55 0.90930367
56 0.8930887
57 0.87743372
58 0.86229879
59 0.84767884
60 0.83354384
61 0.81988889
62 0.80667388
63 0.79388386
64 0.78147388
65 0.76938391
66 0.75780892
67 0.74648398
68 0.735479
69 0.72482896
70 0.71452397
71 0.70446903
72 0.69461405
73 0.68516403
74 0.67586905
75 0.66680408
76 0.65804905
77 0.64959407
78 0.6411441
79 0.63310915
80 0.62518913
81 0.61751413
82 0.60999417
83 0.60261416
84 0.59546417
85 0.58845419
86 0.58159417
87 0.57493418
88 0.56835425
89 0.5619992
90 0.55570924
91 0.54961425
92 0.54364926
93 0.53779924
94 0.53208929
95 0.52649927
96 0.52104431
97 0.51562923
98 0.51039928
99 0.50517929
100 0.50019932
101 0.49523431
102 0.49039432
103 0.48557931
104 0.48091933
105 0.47636935
106 0.47184932
107 0.46747434
108 0.46315932
109 0.45891935
110 0.45472938
111 0.45059437
112 0.44662437
113 0.44259438
114 0.43872941
115 0.43496943
116 0.43122941
117 0.4274894
118 0.42387941
119 0.42033941
120 0.4168494
121 0.41341442
122 0.41003945
123 0.40660444
124 0.40338942
125 0.40015945
126 0.39697444
127 0.39387947
128 0.39076945
