1 73
2 73
3 70
4 75
5 69
6 72
7 74
8 75
9 78
10 73
11 73
12 73
13 72
14 69
15 70
16 79
17 73
18 85
19 72
20 70
21 70
22 74
23 72
24 74
25 75
26 73
27 73
28 74
29 75
30 73
31 74
32 69
33 69
34 73
35 73
36 73
37 74
38 69
39 69
40 74
41 74
42 74
43 74
44 72
45 73
46 69
47 69
48 74
49 73
50 73
51 69
52 80
53 81
54 74
55 69
56 68
57 69
58 68
59 69
60 74
61 69
62 72
63 72
64 69
65 69
66 72
67 69
68 74
69 73
70 69
71 69
72 69
73 72
74 69
75 69
76 68
77 68
78 68
79 69
80 72
81 72
82 68
83 68
84 68
85 72
86 72
87 69
88 69
89 72
90 69
91 72
92 69
93 68
94 69
95 68
96 68
97 81
98 68
99 72
100 72
101 68
102 71
103 68
104 68
105 68
106 69
107 72
108 69
109 69
110 72
111 68
112 68
113 68
114 68
115 69
116 69
117 72
118 81
119 69
120 74
121 68
122 69
123 71
124 68
125 72
126 68
127 68
128 69
129 74
130 72
131 71
132 68
133 68
134 68
135 69
136 72
137 69
138 68
139 68
140 69
141 72
142 69
143 74
144 69
145 68
146 69
147 74
148 72
149 69
150 68
151 68
152 69
153 68
154 74
155 68
156 69
157 72
158 68
159 69
160 72
161 72
162 69
163 69
164 69
165 73
166 71
167 73
168 72
169 68
170 69
171 72
172 72
173 68
174 72
175 68
176 69
177 72
178 68
179 69
180 68
181 69
182 72
183 69
184 74
185 69
186 74
187 72
188 69
189 69
190 69
191 74
192 72
193 85
194 82
195 73
196 69
197 68
198 72
199 68
200 69
201 72
202 73
203 72
204 72
205 70
206 74
207 76
208 85
209 75
210 76
211 73
212 78
213 73
214 79
215 79
216 88
217 83
218 78
219 84
220 79
221 79
222 82
223 82
224 79
225 85
226 83
227 80
228 81
229 86
230 81
231 81
232 81
233 86
234 84
235 84
236 84
237 84
238 85
239 87
240 87
241 82
242 83
243 88
244 83
245 86
246 87
247 83
248 83
249 83
250 88
251 87
252 104
253 84
254 85
255 87
256 84
257 84
258 90
259 85
260 104
261 85
262 86
263 91
264 86
265 86
266 90
267 90
268 86
269 86
270 89
271 87
272 87
273 104
274 96
275 91
276 88
277 88
278 89
279 87
280 88
281 88
282 89
283 93
284 90
285 90
286 90
287 90
288 90
289 91
290 90
291 90
292 91
293 94
294 91
295 91
296 91
297 94
298 91
299 92
300 92
301 95
302 93
303 94
304 96
305 96
306 108
307 97
308 94
309 93
310 94
311 94
312 95
313 94
314 94
315 94
316 95
317 99
318 95
319 95
320 95
321 99
322 98
323 96
324 96
325 96
326 96
327 102
328 100
329 97
330 101
331 97
332 97
333 100
334 97
335 101
336 97
337 98
338 98
339 102
340 102
341 98
342 103
343 103
344 115
345 103
346 100
347 112
348 105
349 100
350 105
351 100
352 105
353 104
354 101
355 106
356 101
357 106
358 101
359 106
360 102
361 102
362 102
363 103
364 102
365 106
366 106
367 103
368 103
369 104
370 103
371 107
372 109
373 107
374 104
375 105
376 107
377 105
378 109
379 108
380 108
381 105
382 105
383 110
384 106
385 107
386 106
387 110
388 106
389 106
390 111
391 107
392 107
393 108
394 107
395 107
396 111
397 107
398 107
399 109
400 108
401 108
402 108
403 109
404 108
405 112
406 114
407 109
408 110
409 109
410 109
411 113
412 110
413 111
414 111
415 116
416 114
417 111
418 111
419 115
420 112
421 115
422 115
423 112
424 112
425 113
426 112
427 112
428 116
429 114
430 113
431 114
432 114
433 114
434 114
435 118
436 115
437 115
438 114
439 114
440 115
441 115
442 115
443 115
444 115
445 115
446 115
447 116
448 119
449 121
450 120
451 120
452 120
453 117
454 117
455 117
456 117
457 118
458 118
459 118
460 133
461 121
462 118
463 119
464 119
465 118
466 118
467 124
468 122
469 132
470 120
471 124
472 123
473 123
474 121
475 120
476 121
477 124
478 124
479 125
480 121
481 126
482 122
483 126
484 134
485 125
486 125
487 122
488 125
489 122
490 122
491 123
492 123
493 126
494 126
495 128
496 128
497 129
498 129
499 126
500 125
