 1 270
 2 403
 3 267
 4 386
 5 265
 6 384
 7 262
 8 273
 9 271
 10 282
 11 274
 12 381
 13 269
 14 263
 15 383
 16 383
 17 262
 18 450
 19 386
 20 297
 21 384
 22 386
 23 427
 24 263
 25 266
 26 264
 27 264
 28 282
 29 407
 30 388
 31 338
 32 320
 33 434
 34 387
 35 390
 36 382
 37 395
 38 382
 39 381
 40 393
 41 436
 42 346
 43 314
 44 266
 45 324
 46 262
 47 275
 48 352
 49 384
 50 420
 51 280
 52 381
 53 341
 54 379
 55 275
 56 268
 57 392
 58 386
 59 392
 60 382
 61 383
 62 472
 63 382
 64 379
 65 388
 66 259
 67 264
 68 258
 69 262
 70 269
 71 280
 72 272
 73 264
 74 381
 75 260
 76 262
 77 495
 78 282
 79 257
 80 275
 81 483
 82 276
 83 330
 84 257
 85 258
 86 258
 87 268
 88 359
 89 260
 90 382
 91 335
 92 432
 93 380
 94 381
 95 385
 96 393
 97 388
 98 284
 99 325
 100 259
 101 262
 102 303
 103 268
 104 256
 105 258
 106 262
 107 264
 108 257
 109 259
 110 326
 111 386
 112 382
 113 387
 114 383
 115 382
 116 382
 117 260
 118 383
 119 383
 120 265
 121 271
 122 270
 123 276
 124 270
 125 465
 126 397
 127 275
 128 345
 129 273
 130 376
 131 392
 132 276
 133 312
 134 282
 135 283
 136 280
 137 469
 138 403
 139 402
 140 400
 141 280
 142 285
 143 288
 144 357
 145 404
 146 283
 147 405
 148 293
 149 414
 150 287
 151 409
 152 290
 153 410
 154 297
 155 290
 156 475
 157 295
 158 411
 159 417
 160 416
 161 304
 162 417
 163 419
 164 320
 165 423
 166 302
 167 425
 168 427
 169 427
 170 437
 171 317
 172 332
 173 309
 174 307
 175 431
 176 430
 177 437
 178 440
 179 382
 180 324
 181 322
 182 439
 183 345
 184 394
 185 440
 186 330
 187 385
 188 447
 189 323
 190 444
 191 447
 192 384
 193 447
 194 452
 195 453
 196 466
 197 454
 198 454
 199 343
 200 466
 201 336
 202 339
 203 342
 204 470
 205 477
 206 347
 207 407
 208 466
 209 468
 210 348
 212 354
 213 353
 214 354
 215 356
 216 361
 217 481
 218 485
 219 480
 220 357
 221 480
 222 477
 223 388
 224 487
 225 373
 226 362
 227 429
 228 487
 229 492
 230 487
 231 394
 232 494
 233 493
 234 494
 235 498
 236 387
 237 383
 238 496
 239 495
 240 396
 241 385
 242 388
 243 503
 244 441
 245 512
 246 522
 247 410
 248 539
 249 514
 250 528
 251 520
 252 517
 253 544
 254 516
 255 529
 256 413
 257 396
 258 525
 259 529
 260 545
 261 530
 262 535
 263 471
 264 408
 265 536
 266 540
 267 541
 268 552
 269 556
 270 469
 271 464
 272 471
 273 422
 274 563
 275 561
 276 418
 277 564
 278 563
 279 571
 280 566
 281 564
 282 450
 283 565
 284 567
 285 582
 286 424
 287 492
 288 572
 289 572
 290 580
 291 578
 292 438
 293 631
 294 590
 295 464
 296 588
 297 458
 298 584
 299 448
 300 448
 301 451
 302 452
 303 587
 304 586
 305 586
 306 446
 307 592
 308 589
 309 514
 310 605
 311 458
 312 597
 313 594
 314 612
 315 465
 316 610
 317 610
 318 611
 319 601
 320 603
 321 621
 322 527
 323 643
 324 614
 325 474
 326 609
 327 612
 328 481
 329 482
 330 615
 331 472
 332 486
 333 481
 334 535
 335 613
 336 621
 337 621
 338 633
 339 507
 340 487
 341 634
 342 638
 343 493
 344 497
 345 490
 346 497
 347 635
 348 629
 349 636
 350 631
 351 495
 352 641
 353 674
 354 634
 355 638
 356 646
 357 638
 358 506
 359 686
 360 507
 361 572
 362 657
 363 505
 364 511
 365 510
 366 646
 367 646
 368 567
 369 659
 370 656
 371 668
 372 516
 373 665
 374 524
 375 577
 376 526
 377 523
 378 669
 379 662
 380 662
 381 666
 382 671
 383 665
 384 672
 385 534
 386 669
 387 675
 388 673
 389 672
 390 536
 391 686
 392 538
 393 545
 394 680
 395 554
 396 682
 397 681
 398 682
 399 716
 400 697
 401 549
 402 723
 403 687
 404 554
 405 685
 406 717
 407 604
 408 568
 409 560
 410 694
 411 691
 412 698
 413 756
 414 706
 415 695
 416 573
 417 576
 418 710
 419 714
 420 704
 421 618
 422 716
 423 594
 424 588
 425 621
 426 669
 427 709
 428 713
 429 714
 430 710
 431 716
 432 750
 433 587
 434 723
 435 723
 436 590
 437 725
 438 586
 439 591
 440 595
 441 722
 442 734
 443 730
 444 734
 445 733
 446 601
 447 598
 448 597
 449 734
 450 748
 451 607
 452 743
 453 742
 454 741
 455 738
 456 744
 457 751
 458 744
 459 742
 460 751
 461 616
 462 752
 463 746
 464 751
 465 748
 466 621
 467 750
 468 622
 469 619
 470 768
 471 766
 472 627
 473 625
 474 623
 475 630
 476 628
 477 675
 478 672
 479 634
 480 625
 481 778
 482 774
 483 776
 484 635
 485 772
 486 780
 487 785
 488 643
 489 778
 490 640
 491 777
 492 778
 493 788
 494 790
 495 780
 496 645
 497 659
 498 652
 499 795
 500 786
